<?xml version="1.0" encoding="UTF-8"?>
<!-- Generated by org.testng.reporters.JUnitReportReporter -->
<testsuite hostname="DESKTOP-J7DRRNI" failures="0" tests="1" name="com.demonism.TestDemo" time="0.006" errors="0" timestamp="2020-12-19T14:09:14 IST" skipped="0">
  <testcase classname="com.demonism.TestDemo" name="Test" time="0.006"/>
  <system-out/>
</testsuite> <!-- com.demonism.TestDemo -->
