<?xml version="1.0" encoding="UTF-8"?>
<!-- Generated by org.testng.reporters.JUnitReportReporter -->
<testsuite hostname="DESKTOP-J7DRRNI" failures="0" tests="1" name="com.validate.softAssertDemo" time="0.080" errors="0" timestamp="2020-12-20T10:38:50 IST" skipped="0">
  <testcase classname="com.validate.softAssertDemo" name="softAssertNonStaticMethod" time="0.080"/>
  <system-out>
before Assert After Assert Hello World to SoftAssert  </system-out>
</testsuite> <!-- com.validate.softAssertDemo -->
