<?xml version="1.0" encoding="UTF-8"?>
<!-- Generated by org.testng.reporters.JUnitReportReporter -->
<testsuite hostname="DESKTOP-J7DRRNI" failures="0" tests="9" name="com.demonism.TestExecutionOrder" time="0.034" errors="0" timestamp="2020-12-19T15:13:49 IST" skipped="0">
  <testcase classname="com.demonism.TestExecutionOrder" name="Register" time="0.011"/>
  <system-out>
Registered  </system-out>
  <testcase classname="com.demonism.TestExecutionOrder" name="Register" time="0.002"/>
  <system-out>
Registered  </system-out>
  <testcase classname="com.demonism.TestExecutionOrder" name="Test" time="0.002"/>
  <system-out/>
  <testcase classname="com.demonism.TestExecutionOrder" name="DeleteUser" time="0.003"/>
  <system-out/>
  <testcase classname="com.demonism.TestExecutionOrder" name="DeleteUser" time="0.002"/>
  <system-out/>
  <testcase classname="com.demonism.TestExecutionOrder" name="DeleteUser" time="0.005"/>
  <system-out/>
  <testcase classname="com.demonism.TestExecutionOrder" name="DeleteUser" time="0.002"/>
  <system-out/>
  <testcase classname="com.demonism.TestExecutionOrder" name="DeleteUser" time="0.001"/>
  <system-out/>
  <testcase classname="com.demonism.TestExecutionOrder" name="Login" time="0.006"/>
  <system-out/>
</testsuite> <!-- com.demonism.TestExecutionOrder -->
